<?xml version="1.0" encoding="UTF-8"?>
<testng-results ignored="0" total="3" passed="2" failed="1" skipped="0">
  <reporter-output>
  </reporter-output>
  <suite started-at="2023-02-10T07:21:29 GMT" name="Default suite" finished-at="2023-02-10T07:21:55 GMT" duration-ms="25147">
    <groups>
    </groups>
    <test started-at="2023-02-10T07:21:29 GMT" name="Default test" finished-at="2023-02-10T07:21:55 GMT" duration-ms="25147">
      <class name="flifcart.Testcases">
        <test-method is-config="true" signature="openapp()[pri:0, instance:flifcart.Testcases@36902638]" started-at="2023-02-10T07:21:30 GMT" name="openapp" finished-at="2023-02-10T07:21:36 GMT" duration-ms="6866" status="PASS">
          <reporter-output>
          </reporter-output>
        </test-method> <!-- openapp -->
        <test-method is-config="true" signature="enterurl()[pri:0, instance:flifcart.Testcases@36902638]" started-at="2023-02-10T07:21:36 GMT" name="enterurl" finished-at="2023-02-10T07:21:36 GMT" duration-ms="2" status="PASS">
          <reporter-output>
          </reporter-output>
        </test-method> <!-- enterurl -->
        <test-method signature="mimobiles()[pri:1, instance:flifcart.Testcases@36902638]" started-at="2023-02-10T07:21:36 GMT" name="mimobiles" finished-at="2023-02-10T07:21:44 GMT" duration-ms="7769" status="PASS">
          <reporter-output>
          </reporter-output>
        </test-method> <!-- mimobiles -->
        <test-method is-config="true" signature="back()[pri:0, instance:flifcart.Testcases@36902638]" started-at="2023-02-10T07:21:44 GMT" name="back" finished-at="2023-02-10T07:21:44 GMT" duration-ms="102" status="PASS">
          <reporter-output>
          </reporter-output>
        </test-method> <!-- back -->
        <test-method is-config="true" signature="enterurl()[pri:0, instance:flifcart.Testcases@36902638]" started-at="2023-02-10T07:21:44 GMT" name="enterurl" finished-at="2023-02-10T07:21:44 GMT" duration-ms="0" status="PASS">
          <reporter-output>
          </reporter-output>
        </test-method> <!-- enterurl -->
        <test-method signature="sumsung()[pri:2, instance:flifcart.Testcases@36902638]" started-at="2023-02-10T07:21:44 GMT" name="sumsung" finished-at="2023-02-10T07:21:45 GMT" duration-ms="780" status="FAIL">
          <exception class="java.lang.AssertionError">
            <message>
              <![CDATA[expected:<vamshi> but was:<devireddy>]]>
            </message>
            <full-stacktrace>
              <![CDATA[java.lang.AssertionError: expected:<vamshi> but was:<devireddy>
at org.testng.AssertJUnit.assertEquals(AssertJUnit.java:115)
at org.testng.AssertJUnit.assertEquals(AssertJUnit.java:125)
at flifcart.Testcases.sumsung(Testcases.java:54)
at java.base/jdk.internal.reflect.DirectMethodHandleAccessor.invoke(DirectMethodHandleAccessor.java:104)
at java.base/java.lang.reflect.Method.invoke(Method.java:578)
at org.testng.internal.MethodInvocationHelper.invokeMethod(MethodInvocationHelper.java:133)
at org.testng.internal.TestInvoker.invokeMethod(TestInvoker.java:598)
at org.testng.internal.TestInvoker.invokeTestMethod(TestInvoker.java:173)
at org.testng.internal.MethodRunner.runInSequence(MethodRunner.java:46)
at org.testng.internal.TestInvoker$MethodInvocationAgent.invoke(TestInvoker.java:824)
at org.testng.internal.TestInvoker.invokeTestMethods(TestInvoker.java:146)
at org.testng.internal.TestMethodWorker.invokeTestMethods(TestMethodWorker.java:146)
at org.testng.internal.TestMethodWorker.run(TestMethodWorker.java:128)
at java.base/java.util.ArrayList.forEach(ArrayList.java:1511)
at org.testng.TestRunner.privateRun(TestRunner.java:794)
at org.testng.TestRunner.run(TestRunner.java:596)
at org.testng.SuiteRunner.runTest(SuiteRunner.java:377)
at org.testng.SuiteRunner.runSequentially(SuiteRunner.java:371)
at org.testng.SuiteRunner.privateRun(SuiteRunner.java:332)
at org.testng.SuiteRunner.run(SuiteRunner.java:276)
at org.testng.SuiteRunnerWorker.runSuite(SuiteRunnerWorker.java:53)
at org.testng.SuiteRunnerWorker.run(SuiteRunnerWorker.java:96)
at org.testng.TestNG.runSuitesSequentially(TestNG.java:1212)
at org.testng.TestNG.runSuitesLocally(TestNG.java:1134)
at org.testng.TestNG.runSuites(TestNG.java:1063)
at org.testng.TestNG.run(TestNG.java:1031)
at org.testng.remote.AbstractRemoteTestNG.run(AbstractRemoteTestNG.java:115)
at org.testng.remote.RemoteTestNG.initAndRun(RemoteTestNG.java:251)
at org.testng.remote.RemoteTestNG.main(RemoteTestNG.java:77)
]]>
            </full-stacktrace>
          </exception> <!-- java.lang.AssertionError -->
          <reporter-output>
          </reporter-output>
        </test-method> <!-- sumsung -->
        <test-method is-config="true" signature="back()[pri:0, instance:flifcart.Testcases@36902638]" started-at="2023-02-10T07:21:45 GMT" name="back" finished-at="2023-02-10T07:21:45 GMT" duration-ms="107" status="PASS">
          <reporter-output>
          </reporter-output>
        </test-method> <!-- back -->
        <test-method signature="micromax()[pri:3, instance:flifcart.Testcases@36902638]" started-at="2023-02-10T07:21:45 GMT" name="micromax" finished-at="2023-02-10T07:21:53 GMT" duration-ms="8189" status="PASS">
          <reporter-output>
          </reporter-output>
        </test-method> <!-- micromax -->
        <test-method is-config="true" signature="enterurl()[pri:0, instance:flifcart.Testcases@36902638]" started-at="2023-02-10T07:21:45 GMT" name="enterurl" finished-at="2023-02-10T07:21:45 GMT" duration-ms="0" status="PASS">
          <reporter-output>
          </reporter-output>
        </test-method> <!-- enterurl -->
        <test-method is-config="true" signature="back()[pri:0, instance:flifcart.Testcases@36902638]" started-at="2023-02-10T07:21:53 GMT" name="back" finished-at="2023-02-10T07:21:53 GMT" duration-ms="52" status="PASS">
          <reporter-output>
          </reporter-output>
        </test-method> <!-- back -->
        <test-method is-config="true" signature="close()[pri:0, instance:flifcart.Testcases@36902638]" started-at="2023-02-10T07:21:53 GMT" name="close" finished-at="2023-02-10T07:21:55 GMT" duration-ms="1198" status="PASS">
          <reporter-output>
          </reporter-output>
        </test-method> <!-- close -->
      </class> <!-- flifcart.Testcases -->
    </test> <!-- Default test -->
  </suite> <!-- Default suite -->
</testng-results>
