<?xml version="1.0" encoding="UTF-8"?>
<!-- Generated by org.testng.reporters.JUnitXMLReporter -->
<testsuite ignored="0" hostname="DESKTOP-2A8DDC6" failures="0" tests="3" name="Default test" time="7.271" errors="0" timestamp="2023-07-05T17:14:44 IST">
  <testcase classname="Restasuree.RestApi.BarerToken" name="token" time="4.642"/>
  <testcase classname="Restasuree.RestApi.BarerToken" name="res" time="1.349"/>
  <testcase classname="Restasuree.RestApi.BarerToken" name="Getorderdetail" time="1.22"/>
</testsuite> <!-- Default test -->
