<?xml version="1.0" encoding="UTF-8"?>
<!-- Generated by org.testng.reporters.JUnitXMLReporter -->
<testsuite ignored="0" hostname="DESKTOP-2A8DDC6" failures="0" tests="3" name="Test" time="29.272" errors="0" timestamp="2023-02-08T09:52:21 GMT">
  <testcase classname="parallel_execusion.Micromax" name="micromax" time="25.778"/>
  <testcase classname="parallel_execusion.Vivo" name="vivo" time="27.019"/>
  <testcase classname="parallel_execusion.flifcart" name="mi" time="29.196"/>
</testsuite> <!-- Test -->
